<?xml version="1.0" encoding="UTF-8"?>
<testng-results ignored="0" total="1" passed="1" failed="0" skipped="0">
  <reporter-output>
  </reporter-output>
  <suite started-at="2023-02-22T13:00:38 IST" name="Suite" finished-at="2023-02-22T13:00:38 IST" duration-ms="117">
    <groups>
    </groups>
    <test started-at="2023-02-22T13:00:38 IST" name="Test" finished-at="2023-02-22T13:00:38 IST" duration-ms="117">
      <class name="MavenTest.MavenJenkinsTest.AppTest">
        <test-method signature="config()[pri:0, instance:MavenTest.MavenJenkinsTest.AppTest@2892dae4]" started-at="2023-02-22T13:00:38 IST" name="config" finished-at="2023-02-22T13:00:38 IST" duration-ms="18" status="PASS">
          <reporter-output>
          </reporter-output>
        </test-method> <!-- config -->
      </class> <!-- MavenTest.MavenJenkinsTest.AppTest -->
    </test> <!-- Test -->
  </suite> <!-- Suite -->
</testng-results>
